<?xml version="1.0" encoding="UTF-8"?>
<!-- Generated by org.testng.reporters.JUnitXMLReporter -->
<testsuite hostname="DESKTOP-EHD4VPN" ignored="0" name="Default test" tests="4" failures="0" timestamp="2022-03-06T13:20:58 IST" time="0.113" errors="0">
  <testcase name="a" time="0.007" classname="testNG_Priority.NewTest"/>
  <testcase name="b" time="0.002" classname="testNG_Priority.NewTest"/>
  <testcase name="c" time="0.002" classname="testNG_Priority.NewTest"/>
  <testcase name="e" time="0.002" classname="testNG_Priority.NewTest"/>
</testsuite> <!-- Default test -->
