<?xml version="1.0" encoding="UTF-8"?>
<!-- Generated by org.testng.reporters.JUnitXMLReporter -->
<testsuite hostname="DESKTOP-EHD4VPN" ignored="2" name="Test" tests="2" failures="0" timestamp="2022-02-23T10:47:41 IST" time="0.182" errors="0">
  <testcase name="MKulkarni" time="0.037" classname="Testng_grouping.GroupingDemo"/>
  <testcase name="sKulkarni" time="0.003" classname="Testng_grouping.GroupingDemo"/>
  <testcase name="RKulkarni" time="0.0" classname="Testng_grouping.GroupingDemo">
    <ignored/>
  </testcase> <!-- RKulkarni -->
  <testcase name="Kulkarni" time="0.0" classname="Testng_grouping.GroupingDemo">
    <ignored/>
  </testcase> <!-- Kulkarni -->
</testsuite> <!-- Test -->
