<?xml version="1.0" encoding="UTF-8"?>
<testng-results skipped="0" failed="0" ignored="0" total="4" passed="4">
  <reporter-output>
  </reporter-output>
  <suite name="Default suite" duration-ms="113" started-at="2022-03-06T13:20:58 IST" finished-at="2022-03-06T13:20:58 IST">
    <groups>
    </groups>
    <test name="Default test" duration-ms="113" started-at="2022-03-06T13:20:58 IST" finished-at="2022-03-06T13:20:58 IST">
      <class name="testNG_Priority.NewTest">
        <test-method status="PASS" signature="z()[pri:0, instance:testNG_Priority.NewTest@2f943d71]" name="z" is-config="true" duration-ms="15" started-at="2022-03-06T13:20:58 IST" finished-at="2022-03-06T13:20:58 IST">
          <reporter-output>
          </reporter-output>
        </test-method> <!-- z -->
        <test-method status="PASS" signature="a()[pri:1, instance:testNG_Priority.NewTest@2f943d71]" name="a" duration-ms="7" started-at="2022-03-06T13:20:58 IST" finished-at="2022-03-06T13:20:58 IST">
          <reporter-output>
          </reporter-output>
        </test-method> <!-- a -->
        <test-method status="PASS" signature="b()[pri:2, instance:testNG_Priority.NewTest@2f943d71]" name="b" duration-ms="2" started-at="2022-03-06T13:20:58 IST" finished-at="2022-03-06T13:20:58 IST">
          <reporter-output>
          </reporter-output>
        </test-method> <!-- b -->
        <test-method status="PASS" signature="c()[pri:3, instance:testNG_Priority.NewTest@2f943d71]" name="c" duration-ms="2" started-at="2022-03-06T13:20:58 IST" finished-at="2022-03-06T13:20:58 IST">
          <reporter-output>
          </reporter-output>
        </test-method> <!-- c -->
        <test-method status="PASS" signature="e()[pri:4, instance:testNG_Priority.NewTest@2f943d71]" name="e" duration-ms="2" started-at="2022-03-06T13:20:58 IST" finished-at="2022-03-06T13:20:58 IST">
          <reporter-output>
          </reporter-output>
        </test-method> <!-- e -->
        <test-method status="PASS" signature="y()[pri:0, instance:testNG_Priority.NewTest@2f943d71]" name="y" is-config="true" duration-ms="1" started-at="2022-03-06T13:20:58 IST" finished-at="2022-03-06T13:20:58 IST">
          <reporter-output>
          </reporter-output>
        </test-method> <!-- y -->
      </class> <!-- testNG_Priority.NewTest -->
    </test> <!-- Default test -->
  </suite> <!-- Default suite -->
</testng-results>
